<?xml version="1.0" encoding="UTF-8"?>
<!-- Generated by org.testng.reporters.JUnitReportReporter -->
<testsuite hostname="YV-Jerry.local" failures="0" tests="2" name="PageObjRefactorTest" time="48.289" errors="0" timestamp="2023-03-19T09:54:46 WAT" skipped="0">
  <testcase classname="PageObjRefactorTest" name="intro" time="25.977"/>
  <system-out/>
  <testcase classname="PageObjRefactorTest" name="intro" time="22.312"/>
  <system-out/>
</testsuite> <!-- PageObjRefactorTest -->
