<?xml version="1.0" encoding="UTF-8"?>
<!-- Generated by org.testng.reporters.JUnitReportReporter -->
<testsuite hostname="YV-Jerry.local" failures="0" tests="2" name="cucumber.testRunner" time="80.806" errors="0" timestamp="2023-04-05T22:55:00 WAT" skipped="0">
  <testcase classname="cucumber.testRunner" name="runScenario" time="41.457"/>
  <system-out/>
  <testcase classname="cucumber.testRunner" name="runScenario" time="39.349"/>
  <system-out/>
</testsuite> <!-- cucumber.testRunner -->
