<?xml version="1.0" encoding="UTF-8"?>
<!-- Generated by org.testng.reporters.JUnitReportReporter -->
<testsuite hostname="YV-Jerry.local" failures="0" tests="2" name="PageObjRefactorTest" time="50.238" errors="0" timestamp="2023-03-20T17:55:04 WAT" skipped="0">
  <testcase classname="PageObjRefactorTest" name="intro" time="28.556"/>
  <system-out/>
  <testcase classname="PageObjRefactorTest" name="intro" time="21.682"/>
  <system-out/>
</testsuite> <!-- PageObjRefactorTest -->
