<?xml version="1.0" encoding="UTF-8"?>
<!-- Generated by org.testng.reporters.JUnitReportReporter -->
<testsuite hostname="YV-Jerry.local" failures="0" tests="1" name="ErrorValidationTest" time="20.054" errors="0" timestamp="2023-03-27T14:28:31 WAT" skipped="0">
  <testcase classname="ErrorValidationTest" name="errorLogin" time="20.054"/>
  <system-out/>
</testsuite> <!-- ErrorValidationTest -->
